Building DAG of jobs...
Using shell: /usr/bin/bash
Provided cores: 1
Rules claiming more threads will be scaled down.
Job counts:
	count	jobs
	1	all
	1	bam_to_granges
	1	bw_normalize
	1	granges_to_bw
	4

[Mon Sep 23 13:08:43 2019]
Job 3: Converting BAM to GRanges...

[Mon Sep 23 13:08:59 2019]
Error in rule bam_to_granges:
    jobid: 3
    output: data/rdata/sample_nexus_1_filtered.granges.rds
    shell:
        Rscript scripts/process_bam.r -f data/bam/sample_nexus_1_filtered.bam -n rdata/sample_nexus_1_filtered
        (exited with non-zero exit code)

Shutting down, this might take some time.
Exiting because a job execution failed. Look above for error message
Complete log: /n/projects/mw2098/shared_code/pipeline/nexus/github/chipnexus-processing-workflow/.snakemake/log/2019-09-23T130843.601404.snakemake.log
